============================= test session starts =============================
platform win32 -- Python 3.13.5, pytest-8.4.1, pluggy-1.6.0 -- C:\Python313\python.exe
cachedir: .pytest_cache
rootdir: C:\Users\cw171001\Projects\prototype_chameleon_mcp_workflow
configfile: pyproject.toml
plugins: anyio-4.11.0
collecting ... collected 36 items

tests/e2e/test_vertical_slice.py::test_vertical_slice_happy_path PASSED  [  2%]
tests/test_engine.py::test_instantiate_workflow PASSED                   [  5%]
tests/test_engine.py::test_checkout_and_submit_work PASSED               [  8%]
tests/test_engine.py::test_report_failure PASSED                         [ 11%]
tests/test_schema_generation.py::test_tier1_schema_creation PASSED       [ 13%]
tests/test_schema_generation.py::test_tier2_schema_creation PASSED       [ 16%]
tests/test_schema_generation.py::test_air_gapped_isolation PASSED        [ 19%]
tests/test_schema_generation.py::test_instance_id_in_tier2 PASSED        [ 22%]
tests/test_schema_generation.py::test_comments_exist PASSED              [ 25%]
tests/test_schema_generation.py::test_unique_constraints PASSED          [ 27%]
tests/test_schema_generation.py::test_database_agnosticism PASSED        [ 30%]
tests/test_workflow_manager.py::TestWorkflowManager::test_export_dot PASSED [ 33%]
tests/test_workflow_manager.py::TestWorkflowManager::test_export_yaml PASSED [ 36%]
tests/test_workflow_manager.py::TestWorkflowManager::test_import_yaml PASSED [ 38%]
tests/test_workflow_manager.py::TestWorkflowManager::test_invalid_yaml_import PASSED [ 41%]
tests/test_workflow_manager.py::TestWorkflowManager::test_reimport_yaml_cascade_delete PASSED [ 44%]
tests/test_workflow_manager.py::TestWorkflowManager::test_workflow_not_found PASSED [ 47%]
tests/test_workflow_validation.py::TestWorkflowValidation::test_complete_workflow_example_needs_epsilon_guardian PASSED [ 50%]
tests/test_workflow_validation.py::TestWorkflowValidation::test_r10_alpha_missing_outbound PASSED [ 52%]
tests/test_workflow_validation.py::TestWorkflowValidation::test_r10_omega_missing_inbound PASSED [ 55%]
tests/test_workflow_validation.py::TestWorkflowValidation::test_r1_missing_alpha_role PASSED [ 58%]
tests/test_workflow_validation.py::TestWorkflowValidation::test_r1_multiple_alpha_roles PASSED [ 61%]
tests/test_workflow_validation.py::TestWorkflowValidation::test_r2_missing_omega_role PASSED [ 63%]
tests/test_workflow_validation.py::TestWorkflowValidation::test_r3_missing_epsilon_role PASSED [ 66%]
tests/test_workflow_validation.py::TestWorkflowValidation::test_r4_missing_tau_role PASSED [ 69%]
tests/test_workflow_validation.py::TestWorkflowValidation::test_r5_beta_invalid_strategy PASSED [ 72%]
tests/test_workflow_validation.py::TestWorkflowValidation::test_r5_beta_missing_strategy PASSED [ 75%]
tests/test_workflow_validation.py::TestWorkflowValidation::test_r6_invalid_component_direction PASSED [ 77%]
tests/test_workflow_validation.py::TestWorkflowValidation::test_r7_interaction_missing_consumer PASSED [ 80%]
tests/test_workflow_validation.py::TestWorkflowValidation::test_r7_interaction_missing_producer PASSED [ 83%]
tests/test_workflow_validation.py::TestWorkflowValidation::test_r8_epsilon_inbound_missing_guardian PASSED [ 86%]
tests/test_workflow_validation.py::TestWorkflowValidation::test_r9_omega_inbound_missing_guardian PASSED [ 88%]
tests/test_workflow_validation.py::TestWorkflowValidation::test_r9_omega_inbound_wrong_guardian_type PASSED [ 91%]
tests/test_workflow_validation.py::TestWorkflowValidation::test_valid_workflow_import PASSED [ 94%]
tests/test_zombie_protocol.py::test_heartbeat_endpoint PASSED            [ 97%]
